This file contains any messages produced by compilers while
running configure, to aid debugging if configure makes a mistake.

It was created by Samtools configure 1.5, which was
generated by GNU Autoconf 2.68.  Invocation command line was

  $ ./configure 

## --------- ##
## Platform. ##
## --------- ##

hostname = ptdtan-Inspiron-15-3567
uname -m = x86_64
uname -r = 4.8.0-58-generic
uname -s = Linux
uname -v = #63~16.04.1-Ubuntu SMP Mon Jun 26 18:08:51 UTC 2017

/usr/bin/uname -p = unknown
/bin/uname -X     = unknown

/bin/arch              = unknown
/usr/bin/arch -k       = unknown
/usr/convex/getsysinfo = unknown
/usr/bin/hostinfo      = unknown
/bin/machine           = unknown
/usr/bin/oslevel       = unknown
/bin/universe          = unknown

PATH: /home/ptdtan/bin
PATH: /home/ptdtan/.local/bin
PATH: /usr/local/sbin
PATH: /usr/local/bin
PATH: /usr/sbin
PATH: /usr/bin
PATH: /sbin
PATH: /bin
PATH: /usr/games
PATH: /usr/local/games
PATH: /snap/bin


## ----------- ##
## Core tests. ##
## ----------- ##

configure:2152: checking for gcc
configure:2168: found /usr/bin/gcc
configure:2179: result: gcc
configure:2408: checking for C compiler version
configure:2417: gcc --version >&5
gcc (Ubuntu 5.4.0-6ubuntu1~16.04.4) 5.4.0 20160609
Copyright (C) 2015 Free Software Foundation, Inc.
This is free software; see the source for copying conditions.  There is NO
warranty; not even for MERCHANTABILITY or FITNESS FOR A PARTICULAR PURPOSE.

configure:2428: $? = 0
configure:2417: gcc -v >&5
Using built-in specs.
COLLECT_GCC=gcc
COLLECT_LTO_WRAPPER=/usr/lib/gcc/x86_64-linux-gnu/5/lto-wrapper
Target: x86_64-linux-gnu
Configured with: ../src/configure -v --with-pkgversion='Ubuntu 5.4.0-6ubuntu1~16.04.4' --with-bugurl=file:///usr/share/doc/gcc-5/README.Bugs --enable-languages=c,ada,c++,java,go,d,fortran,objc,obj-c++ --prefix=/usr --program-suffix=-5 --enable-shared --enable-linker-build-id --libexecdir=/usr/lib --without-included-gettext --enable-threads=posix --libdir=/usr/lib --enable-nls --with-sysroot=/ --enable-clocale=gnu --enable-libstdcxx-debug --enable-libstdcxx-time=yes --with-default-libstdcxx-abi=new --enable-gnu-unique-object --disable-vtable-verify --enable-libmpx --enable-plugin --with-system-zlib --disable-browser-plugin --enable-java-awt=gtk --enable-gtk-cairo --with-java-home=/usr/lib/jvm/java-1.5.0-gcj-5-amd64/jre --enable-java-home --with-jvm-root-dir=/usr/lib/jvm/java-1.5.0-gcj-5-amd64 --with-jvm-jar-dir=/usr/lib/jvm-exports/java-1.5.0-gcj-5-amd64 --with-arch-directory=amd64 --with-ecj-jar=/usr/share/java/eclipse-ecj.jar --enable-objc-gc --enable-multiarch --disable-werror --with-arch-32=i686 --with-abi=m64 --with-multilib-list=m32,m64,mx32 --enable-multilib --with-tune=generic --enable-checking=release --build=x86_64-linux-gnu --host=x86_64-linux-gnu --target=x86_64-linux-gnu
Thread model: posix
gcc version 5.4.0 20160609 (Ubuntu 5.4.0-6ubuntu1~16.04.4) 
configure:2428: $? = 0
configure:2417: gcc -V >&5
gcc: error: unrecognized command line option '-V'
gcc: fatal error: no input files
compilation terminated.
configure:2428: $? = 1
configure:2417: gcc -qversion >&5
gcc: error: unrecognized command line option '-qversion'
gcc: fatal error: no input files
compilation terminated.
configure:2428: $? = 1
configure:2448: checking whether the C compiler works
configure:2470: gcc    conftest.c  >&5
configure:2474: $? = 0
configure:2522: result: yes
configure:2525: checking for C compiler default output file name
configure:2527: result: a.out
configure:2533: checking for suffix of executables
configure:2540: gcc -o conftest    conftest.c  >&5
configure:2544: $? = 0
configure:2566: result: 
configure:2588: checking whether we are cross compiling
configure:2596: gcc -o conftest    conftest.c  >&5
configure:2600: $? = 0
configure:2607: ./conftest
configure:2611: $? = 0
configure:2626: result: no
configure:2631: checking for suffix of object files
configure:2653: gcc -c   conftest.c >&5
configure:2657: $? = 0
configure:2678: result: o
configure:2682: checking whether we are using the GNU C compiler
configure:2701: gcc -c   conftest.c >&5
configure:2701: $? = 0
configure:2710: result: yes
configure:2719: checking whether gcc accepts -g
configure:2739: gcc -c -g  conftest.c >&5
configure:2739: $? = 0
configure:2780: result: yes
configure:2797: checking for gcc option to accept ISO C89
configure:2861: gcc  -c -g -O2  conftest.c >&5
configure:2861: $? = 0
configure:2874: result: none needed
configure:2903: checking for special C compiler options needed for large files
configure:2948: result: no
configure:2954: checking for _FILE_OFFSET_BITS value needed for large files
configure:2979: gcc -c -g -O2  conftest.c >&5
configure:2979: $? = 0
configure:3011: result: no
configure:3144: checking location of HTSlib source tree
configure:3165: result: htslib-1.5
configure:3391: checking for NcursesW wide-character library
configure:3415: gcc -o conftest -g -O2   conftest.c  -lncursesw >&5
/usr/bin/ld: cannot find -lncursesw
collect2: error: ld returned 1 exit status
configure:3415: $? = 1
configure: failed program was:
| /* confdefs.h */
| #define PACKAGE_NAME "Samtools"
| #define PACKAGE_TARNAME "samtools"
| #define PACKAGE_VERSION "1.5"
| #define PACKAGE_STRING "Samtools 1.5"
| #define PACKAGE_BUGREPORT "samtools-help@lists.sourceforge.net"
| #define PACKAGE_URL "http://www.htslib.org/"
| /* end confdefs.h.  */
| 
| /* Override any GCC internal prototype to avoid an error.
|    Use char because int might match the return type of a GCC
|    builtin and then its argument prototype would still apply.  */
| #ifdef __cplusplus
| extern "C"
| #endif
| char initscr ();
| int
| main ()
| {
| return initscr ();
|   ;
|   return 0;
| }
configure:3424: result: no
configure:3653: checking for Ncurses library
configure:3677: gcc -o conftest -g -O2   conftest.c  -lncurses >&5
configure:3677: $? = 0
configure:3686: result: yes
configure:3706: checking for working ncurses/curses.h
configure:3733: gcc -o conftest -g -O2   conftest.c  -lncurses >&5
conftest.c:12:52: fatal error: ncurses/curses.h: No such file or directory
compilation terminated.
configure:3733: $? = 1
configure: failed program was:
| /* confdefs.h */
| #define PACKAGE_NAME "Samtools"
| #define PACKAGE_TARNAME "samtools"
| #define PACKAGE_VERSION "1.5"
| #define PACKAGE_STRING "Samtools 1.5"
| #define PACKAGE_BUGREPORT "samtools-help@lists.sourceforge.net"
| #define PACKAGE_URL "http://www.htslib.org/"
| #define HAVE_NCURSES 1
| #define HAVE_CURSES 1
| /* end confdefs.h.  */
| 
|                         #include <ncurses/curses.h>
| 
| int
| main ()
| {
| 
|                         chtype a = A_BOLD;
|                         int b = KEY_LEFT;
|                         chtype c = COLOR_PAIR(1) & A_COLOR;
|                         int g = getattrs(stdscr);
|                         int h = getcurx(stdscr) + getmaxx(stdscr);
|                         initscr();
|                         init_pair(1, COLOR_WHITE, COLOR_RED);
| 
|   ;
|   return 0;
| }
configure:3742: result: no
configure:3760: checking for working ncurses.h
configure:3787: gcc -o conftest -g -O2   conftest.c  -lncurses >&5
configure:3787: $? = 0
configure:3796: result: yes
configure:4135: checking for zlib.h
configure:4135: gcc -c -g -O2  conftest.c >&5
configure:4135: $? = 0
configure:4135: result: yes
configure:4144: checking for inflate in -lz
configure:4169: gcc -o conftest -g -O2   conftest.c -lz   >&5
configure:4169: $? = 0
configure:4178: result: yes
configure:4320: creating ./config.status

## ---------------------- ##
## Running config.status. ##
## ---------------------- ##

This file was extended by Samtools config.status 1.5, which was
generated by GNU Autoconf 2.68.  Invocation command line was

  CONFIG_FILES    = 
  CONFIG_HEADERS  = 
  CONFIG_LINKS    = 
  CONFIG_COMMANDS = 
  $ ./config.status 

on ptdtan-Inspiron-15-3567

config.status:811: creating config.mk
config.status:811: creating config.h
configure:5557: === configuring in htslib-1.5 (/mnt/hdd1/BAM_IO/lib/samtools/htslib-1.5)
configure:5620: running /bin/bash ./configure --disable-option-checking '--prefix=/usr/local'  --cache-file=/dev/null --srcdir=.

## ---------------- ##
## Cache variables. ##
## ---------------- ##

ac_cv_c_compiler_gnu=yes
ac_cv_env_CC_set=
ac_cv_env_CC_value=
ac_cv_env_CFLAGS_set=
ac_cv_env_CFLAGS_value=
ac_cv_env_CPPFLAGS_set=
ac_cv_env_CPPFLAGS_value=
ac_cv_env_CURSES_LIB_set=
ac_cv_env_CURSES_LIB_value=
ac_cv_env_LDFLAGS_set=
ac_cv_env_LDFLAGS_value=
ac_cv_env_LIBS_set=
ac_cv_env_LIBS_value=
ac_cv_env_build_alias_set=
ac_cv_env_build_alias_value=
ac_cv_env_host_alias_set=
ac_cv_env_host_alias_value=
ac_cv_env_target_alias_set=
ac_cv_env_target_alias_value=
ac_cv_header_zlib_h=yes
ac_cv_lib_z_inflate=yes
ac_cv_objext=o
ac_cv_prog_ac_ct_CC=gcc
ac_cv_prog_cc_c89=
ac_cv_prog_cc_g=yes
ac_cv_sys_file_offset_bits=no
ac_cv_sys_largefile_CC=no
ax_cv_curses=yes
ax_cv_curses_color=yes
ax_cv_curses_enhanced=no
ax_cv_curses_obsolete=yes
ax_cv_curses_which=ncurses
ax_cv_header_ncurses_curses_h=no
ax_cv_header_ncurses_h=yes
ax_cv_htslib=yes
ax_cv_htslib_which=source
ax_cv_ncurses=yes
ax_cv_ncursesw=no

## ----------------- ##
## Output variables. ##
## ----------------- ##

CC='gcc'
CFLAGS='-g -O2'
CPPFLAGS=''
CURSES_CPPFLAGS=''
CURSES_LIB='-lncurses'
DEFS='-DHAVE_CONFIG_H'
ECHO_C=''
ECHO_N='-n'
ECHO_T=''
EXEEXT=''
HTSDIR='htslib-1.5'
HTSLIB_CPPFLAGS='-Ihtslib-1.5'
HTSLIB_LDFLAGS='-Lhtslib-1.5'
Hinstall='#'
Hsource=''
LDFLAGS=''
LIBOBJS=''
LIBS=''
LTLIBOBJS=''
OBJEXT='o'
PACKAGE_BUGREPORT='samtools-help@lists.sourceforge.net'
PACKAGE_NAME='Samtools'
PACKAGE_STRING='Samtools 1.5'
PACKAGE_TARNAME='samtools'
PACKAGE_URL='http://www.htslib.org/'
PACKAGE_VERSION='1.5'
PATH_SEPARATOR=':'
SHELL='/bin/bash'
ac_ct_CC='gcc'
bindir='${exec_prefix}/bin'
build_alias=''
datadir='${datarootdir}'
datarootdir='${prefix}/share'
docdir='${datarootdir}/doc/${PACKAGE_TARNAME}'
dvidir='${docdir}'
exec_prefix='${prefix}'
host_alias=''
htmldir='${docdir}'
includedir='${prefix}/include'
infodir='${datarootdir}/info'
libdir='${exec_prefix}/lib'
libexecdir='${exec_prefix}/libexec'
localedir='${datarootdir}/locale'
localstatedir='${prefix}/var'
mandir='${datarootdir}/man'
oldincludedir='/usr/include'
pdfdir='${docdir}'
prefix='/usr/local'
program_transform_name='s,x,x,'
psdir='${docdir}'
sbindir='${exec_prefix}/sbin'
sharedstatedir='${prefix}/com'
subdirs=' htslib-1.5'
sysconfdir='${prefix}/etc'
target_alias=''

## ----------- ##
## confdefs.h. ##
## ----------- ##

/* confdefs.h */
#define PACKAGE_NAME "Samtools"
#define PACKAGE_TARNAME "samtools"
#define PACKAGE_VERSION "1.5"
#define PACKAGE_STRING "Samtools 1.5"
#define PACKAGE_BUGREPORT "samtools-help@lists.sourceforge.net"
#define PACKAGE_URL "http://www.htslib.org/"
#define HAVE_NCURSES 1
#define HAVE_CURSES 1
#define HAVE_CURSES_COLOR 1
#define HAVE_CURSES_OBSOLETE 1
#define HAVE_NCURSES_H 1
#define HAVE_LIBZ 1

configure: exit 0
