This file contains any messages produced by compilers while
running configure, to aid debugging if configure makes a mistake.

It was created by HTSlib configure 1.5, which was
generated by GNU Autoconf 2.68.  Invocation command line was

  $ ./configure --disable-option-checking --prefix=/usr/local --cache-file=/dev/null --srcdir=.

## --------- ##
## Platform. ##
## --------- ##

hostname = ptdtan-Inspiron-15-3567
uname -m = x86_64
uname -r = 4.8.0-58-generic
uname -s = Linux
uname -v = #63~16.04.1-Ubuntu SMP Mon Jun 26 18:08:51 UTC 2017

/usr/bin/uname -p = unknown
/bin/uname -X     = unknown

/bin/arch              = unknown
/usr/bin/arch -k       = unknown
/usr/convex/getsysinfo = unknown
/usr/bin/hostinfo      = unknown
/bin/machine           = unknown
/usr/bin/oslevel       = unknown
/bin/universe          = unknown

PATH: /home/ptdtan/bin
PATH: /home/ptdtan/.local/bin
PATH: /usr/local/sbin
PATH: /usr/local/bin
PATH: /usr/sbin
PATH: /usr/bin
PATH: /sbin
PATH: /bin
PATH: /usr/games
PATH: /usr/local/games
PATH: /snap/bin


## ----------- ##
## Core tests. ##
## ----------- ##

configure:2135: checking for gcc
configure:2151: found /usr/bin/gcc
configure:2162: result: gcc
configure:2391: checking for C compiler version
configure:2400: gcc --version >&5
gcc (Ubuntu 5.4.0-6ubuntu1~16.04.4) 5.4.0 20160609
Copyright (C) 2015 Free Software Foundation, Inc.
This is free software; see the source for copying conditions.  There is NO
warranty; not even for MERCHANTABILITY or FITNESS FOR A PARTICULAR PURPOSE.

configure:2411: $? = 0
configure:2400: gcc -v >&5
Using built-in specs.
COLLECT_GCC=gcc
COLLECT_LTO_WRAPPER=/usr/lib/gcc/x86_64-linux-gnu/5/lto-wrapper
Target: x86_64-linux-gnu
Configured with: ../src/configure -v --with-pkgversion='Ubuntu 5.4.0-6ubuntu1~16.04.4' --with-bugurl=file:///usr/share/doc/gcc-5/README.Bugs --enable-languages=c,ada,c++,java,go,d,fortran,objc,obj-c++ --prefix=/usr --program-suffix=-5 --enable-shared --enable-linker-build-id --libexecdir=/usr/lib --without-included-gettext --enable-threads=posix --libdir=/usr/lib --enable-nls --with-sysroot=/ --enable-clocale=gnu --enable-libstdcxx-debug --enable-libstdcxx-time=yes --with-default-libstdcxx-abi=new --enable-gnu-unique-object --disable-vtable-verify --enable-libmpx --enable-plugin --with-system-zlib --disable-browser-plugin --enable-java-awt=gtk --enable-gtk-cairo --with-java-home=/usr/lib/jvm/java-1.5.0-gcj-5-amd64/jre --enable-java-home --with-jvm-root-dir=/usr/lib/jvm/java-1.5.0-gcj-5-amd64 --with-jvm-jar-dir=/usr/lib/jvm-exports/java-1.5.0-gcj-5-amd64 --with-arch-directory=amd64 --with-ecj-jar=/usr/share/java/eclipse-ecj.jar --enable-objc-gc --enable-multiarch --disable-werror --with-arch-32=i686 --with-abi=m64 --with-multilib-list=m32,m64,mx32 --enable-multilib --with-tune=generic --enable-checking=release --build=x86_64-linux-gnu --host=x86_64-linux-gnu --target=x86_64-linux-gnu
Thread model: posix
gcc version 5.4.0 20160609 (Ubuntu 5.4.0-6ubuntu1~16.04.4) 
configure:2411: $? = 0
configure:2400: gcc -V >&5
gcc: error: unrecognized command line option '-V'
gcc: fatal error: no input files
compilation terminated.
configure:2411: $? = 1
configure:2400: gcc -qversion >&5
gcc: error: unrecognized command line option '-qversion'
gcc: fatal error: no input files
compilation terminated.
configure:2411: $? = 1
configure:2431: checking whether the C compiler works
configure:2453: gcc    conftest.c  >&5
configure:2457: $? = 0
configure:2505: result: yes
configure:2508: checking for C compiler default output file name
configure:2510: result: a.out
configure:2516: checking for suffix of executables
configure:2523: gcc -o conftest    conftest.c  >&5
configure:2527: $? = 0
configure:2549: result: 
configure:2571: checking whether we are cross compiling
configure:2579: gcc -o conftest    conftest.c  >&5
configure:2583: $? = 0
configure:2590: ./conftest
configure:2594: $? = 0
configure:2609: result: no
configure:2614: checking for suffix of object files
configure:2636: gcc -c   conftest.c >&5
configure:2640: $? = 0
configure:2661: result: o
configure:2665: checking whether we are using the GNU C compiler
configure:2684: gcc -c   conftest.c >&5
configure:2684: $? = 0
configure:2693: result: yes
configure:2702: checking whether gcc accepts -g
configure:2722: gcc -c -g  conftest.c >&5
configure:2722: $? = 0
configure:2763: result: yes
configure:2780: checking for gcc option to accept ISO C89
configure:2844: gcc  -c -g -O2  conftest.c >&5
configure:2844: $? = 0
configure:2857: result: none needed
configure:2920: checking for ranlib
configure:2936: found /usr/bin/ranlib
configure:2947: result: ranlib
configure:3002: checking for special C compiler options needed for large files
configure:3047: result: no
configure:3053: checking for _FILE_OFFSET_BITS value needed for large files
configure:3078: gcc -c -g -O2  conftest.c >&5
configure:3078: $? = 0
configure:3110: result: no
configure:3254: checking shared library type
configure:3274: result: plain .so
configure:3283: checking how to run the C preprocessor
configure:3314: gcc -E  conftest.c
configure:3314: $? = 0
configure:3328: gcc -E  conftest.c
conftest.c:9:28: fatal error: ac_nonexistent.h: No such file or directory
compilation terminated.
configure:3328: $? = 1
configure: failed program was:
| /* confdefs.h */
| #define PACKAGE_NAME "HTSlib"
| #define PACKAGE_TARNAME "htslib"
| #define PACKAGE_VERSION "1.5"
| #define PACKAGE_STRING "HTSlib 1.5"
| #define PACKAGE_BUGREPORT "samtools-help@lists.sourceforge.net"
| #define PACKAGE_URL "http://www.htslib.org/"
| /* end confdefs.h.  */
| #include <ac_nonexistent.h>
configure:3353: result: gcc -E
configure:3373: gcc -E  conftest.c
configure:3373: $? = 0
configure:3387: gcc -E  conftest.c
conftest.c:9:28: fatal error: ac_nonexistent.h: No such file or directory
compilation terminated.
configure:3387: $? = 1
configure: failed program was:
| /* confdefs.h */
| #define PACKAGE_NAME "HTSlib"
| #define PACKAGE_TARNAME "htslib"
| #define PACKAGE_VERSION "1.5"
| #define PACKAGE_STRING "HTSlib 1.5"
| #define PACKAGE_BUGREPORT "samtools-help@lists.sourceforge.net"
| #define PACKAGE_URL "http://www.htslib.org/"
| /* end confdefs.h.  */
| #include <ac_nonexistent.h>
configure:3416: checking for grep that handles long lines and -e
configure:3474: result: /bin/grep
configure:3479: checking for egrep
configure:3541: result: /bin/grep -E
configure:3546: checking for ANSI C header files
configure:3566: gcc -c -g -O2  conftest.c >&5
configure:3566: $? = 0
configure:3639: gcc -o conftest -g -O2   conftest.c  >&5
configure:3639: $? = 0
configure:3639: ./conftest
configure:3639: $? = 0
configure:3650: result: yes
configure:3663: checking for sys/types.h
configure:3663: gcc -c -g -O2  conftest.c >&5
configure:3663: $? = 0
configure:3663: result: yes
configure:3663: checking for sys/stat.h
configure:3663: gcc -c -g -O2  conftest.c >&5
configure:3663: $? = 0
configure:3663: result: yes
configure:3663: checking for stdlib.h
configure:3663: gcc -c -g -O2  conftest.c >&5
configure:3663: $? = 0
configure:3663: result: yes
configure:3663: checking for string.h
configure:3663: gcc -c -g -O2  conftest.c >&5
configure:3663: $? = 0
configure:3663: result: yes
configure:3663: checking for memory.h
configure:3663: gcc -c -g -O2  conftest.c >&5
configure:3663: $? = 0
configure:3663: result: yes
configure:3663: checking for strings.h
configure:3663: gcc -c -g -O2  conftest.c >&5
configure:3663: $? = 0
configure:3663: result: yes
configure:3663: checking for inttypes.h
configure:3663: gcc -c -g -O2  conftest.c >&5
configure:3663: $? = 0
configure:3663: result: yes
configure:3663: checking for stdint.h
configure:3663: gcc -c -g -O2  conftest.c >&5
configure:3663: $? = 0
configure:3663: result: yes
configure:3663: checking for unistd.h
configure:3663: gcc -c -g -O2  conftest.c >&5
configure:3663: $? = 0
configure:3663: result: yes
configure:3681: checking for stdlib.h
configure:3681: result: yes
configure:3681: checking for unistd.h
configure:3681: result: yes
configure:3681: checking for sys/param.h
configure:3681: gcc -c -g -O2  conftest.c >&5
configure:3681: $? = 0
configure:3681: result: yes
configure:3701: checking for getpagesize
configure:3701: gcc -o conftest -g -O2   conftest.c  >&5
configure:3701: $? = 0
configure:3701: result: yes
configure:3710: checking for working mmap
configure:3857: gcc -o conftest -g -O2   conftest.c  >&5
configure:3857: $? = 0
configure:3857: ./conftest
configure:3857: $? = 0
configure:3867: result: yes
configure:3878: checking for gmtime_r
configure:3878: gcc -o conftest -g -O2   conftest.c  >&5
configure:3878: $? = 0
configure:3878: result: yes
configure:3890: checking whether fdatasync is declared
configure:3890: gcc -c -g -O2  conftest.c >&5
configure:3890: $? = 0
configure:3890: result: yes
configure:3894: checking for fdatasync
configure:3894: gcc -o conftest -g -O2   conftest.c  >&5
configure:3894: $? = 0
configure:3894: result: yes
configure:3985: checking for library containing log
configure:4016: gcc -o conftest -g -O2   conftest.c  >&5
conftest.c:33:6: warning: conflicting types for built-in function 'log'
 char log ();
      ^
/tmp/ccv29mvp.o: In function `main':
/mnt/hdd1/BAM_IO/lib/samtools/htslib-1.5/conftest.c:37: undefined reference to `log'
collect2: error: ld returned 1 exit status
configure:4016: $? = 1
configure: failed program was:
| /* confdefs.h */
| #define PACKAGE_NAME "HTSlib"
| #define PACKAGE_TARNAME "htslib"
| #define PACKAGE_VERSION "1.5"
| #define PACKAGE_STRING "HTSlib 1.5"
| #define PACKAGE_BUGREPORT "samtools-help@lists.sourceforge.net"
| #define PACKAGE_URL "http://www.htslib.org/"
| #define STDC_HEADERS 1
| #define HAVE_SYS_TYPES_H 1
| #define HAVE_SYS_STAT_H 1
| #define HAVE_STDLIB_H 1
| #define HAVE_STRING_H 1
| #define HAVE_MEMORY_H 1
| #define HAVE_STRINGS_H 1
| #define HAVE_INTTYPES_H 1
| #define HAVE_STDINT_H 1
| #define HAVE_UNISTD_H 1
| #define HAVE_STDLIB_H 1
| #define HAVE_UNISTD_H 1
| #define HAVE_SYS_PARAM_H 1
| #define HAVE_GETPAGESIZE 1
| #define HAVE_MMAP 1
| #define HAVE_GMTIME_R 1
| #define HAVE_FDATASYNC 1
| /* end confdefs.h.  */
| 
| /* Override any GCC internal prototype to avoid an error.
|    Use char because int might match the return type of a GCC
|    builtin and then its argument prototype would still apply.  */
| #ifdef __cplusplus
| extern "C"
| #endif
| char log ();
| int
| main ()
| {
| return log ();
|   ;
|   return 0;
| }
configure:4016: gcc -o conftest -g -O2   conftest.c -lm   >&5
conftest.c:33:6: warning: conflicting types for built-in function 'log'
 char log ();
      ^
configure:4016: $? = 0
configure:4033: result: -lm
configure:4048: checking for zlib.h
configure:4048: gcc -c -g -O2  conftest.c >&5
configure:4048: $? = 0
configure:4048: result: yes
configure:4057: checking for inflate in -lz
configure:4082: gcc -o conftest -g -O2   conftest.c -lz  -lm  >&5
configure:4082: $? = 0
configure:4091: result: yes
configure:4118: checking for library containing connect
configure:4149: gcc -o conftest -g -O2   conftest.c -lz -lm  >&5
configure:4149: $? = 0
configure:4166: result: none required
configure:4178: checking for bzlib.h
configure:4178: gcc -c -g -O2  conftest.c >&5
configure:4178: $? = 0
configure:4178: result: yes
configure:4187: checking for BZ2_bzBuffToBuffCompress in -lbz2
configure:4212: gcc -o conftest -g -O2   conftest.c -lbz2  -lz -lm  >&5
configure:4212: $? = 0
configure:4221: result: yes
configure:4258: checking for lzma.h
configure:4258: gcc -c -g -O2  conftest.c >&5
configure:4258: $? = 0
configure:4258: result: yes
configure:4267: checking for lzma_easy_buffer_encode in -llzma
configure:4292: gcc -o conftest -g -O2   conftest.c -llzma  -lbz2 -lz -lm  >&5
configure:4292: $? = 0
configure:4301: result: yes
configure:4334: checking for curl_easy_pause in -lcurl
configure:4359: gcc -o conftest -g -O2   conftest.c -lcurl  -llzma -lbz2 -lz -lm  >&5
configure:4359: $? = 0
configure:4368: result: yes
configure:4484: checking for CCHmac
configure:4484: gcc -o conftest -g -O2   conftest.c -llzma -lbz2 -lz -lm  >&5
/tmp/ccXk1jbS.o: In function `main':
/mnt/hdd1/BAM_IO/lib/samtools/htslib-1.5/conftest.c:65: undefined reference to `CCHmac'
collect2: error: ld returned 1 exit status
configure:4484: $? = 1
configure: failed program was:
| /* confdefs.h */
| #define PACKAGE_NAME "HTSlib"
| #define PACKAGE_TARNAME "htslib"
| #define PACKAGE_VERSION "1.5"
| #define PACKAGE_STRING "HTSlib 1.5"
| #define PACKAGE_BUGREPORT "samtools-help@lists.sourceforge.net"
| #define PACKAGE_URL "http://www.htslib.org/"
| #define STDC_HEADERS 1
| #define HAVE_SYS_TYPES_H 1
| #define HAVE_SYS_STAT_H 1
| #define HAVE_STDLIB_H 1
| #define HAVE_STRING_H 1
| #define HAVE_MEMORY_H 1
| #define HAVE_STRINGS_H 1
| #define HAVE_INTTYPES_H 1
| #define HAVE_STDINT_H 1
| #define HAVE_UNISTD_H 1
| #define HAVE_STDLIB_H 1
| #define HAVE_UNISTD_H 1
| #define HAVE_SYS_PARAM_H 1
| #define HAVE_GETPAGESIZE 1
| #define HAVE_MMAP 1
| #define HAVE_GMTIME_R 1
| #define HAVE_FDATASYNC 1
| #define HAVE_LIBZ 1
| #define HAVE_LIBBZ2 1
| #define HAVE_LIBLZMA 1
| #define HAVE_LIBCURL 1
| #define ENABLE_GCS 1
| /* end confdefs.h.  */
| /* Define CCHmac to an innocuous variant, in case <limits.h> declares CCHmac.
|    For example, HP-UX 11i <limits.h> declares gettimeofday.  */
| #define CCHmac innocuous_CCHmac
| 
| /* System header to define __stub macros and hopefully few prototypes,
|     which can conflict with char CCHmac (); below.
|     Prefer <limits.h> to <assert.h> if __STDC__ is defined, since
|     <limits.h> exists even on freestanding compilers.  */
| 
| #ifdef __STDC__
| # include <limits.h>
| #else
| # include <assert.h>
| #endif
| 
| #undef CCHmac
| 
| /* Override any GCC internal prototype to avoid an error.
|    Use char because int might match the return type of a GCC
|    builtin and then its argument prototype would still apply.  */
| #ifdef __cplusplus
| extern "C"
| #endif
| char CCHmac ();
| /* The GNU C library defines this for functions which it implements
|     to always fail with ENOSYS.  Some functions are actually named
|     something starting with __ and the normal name is an alias.  */
| #if defined __stub_CCHmac || defined __stub___CCHmac
| choke me
| #endif
| 
| int
| main ()
| {
| return CCHmac ();
|   ;
|   return 0;
| }
configure:4484: result: no
configure:4491: checking for library containing HMAC
configure:4522: gcc -o conftest -g -O2   conftest.c -llzma -lbz2 -lz -lm  >&5
/tmp/ccDj0YdY.o: In function `main':
/mnt/hdd1/BAM_IO/lib/samtools/htslib-1.5/conftest.c:42: undefined reference to `HMAC'
collect2: error: ld returned 1 exit status
configure:4522: $? = 1
configure: failed program was:
| /* confdefs.h */
| #define PACKAGE_NAME "HTSlib"
| #define PACKAGE_TARNAME "htslib"
| #define PACKAGE_VERSION "1.5"
| #define PACKAGE_STRING "HTSlib 1.5"
| #define PACKAGE_BUGREPORT "samtools-help@lists.sourceforge.net"
| #define PACKAGE_URL "http://www.htslib.org/"
| #define STDC_HEADERS 1
| #define HAVE_SYS_TYPES_H 1
| #define HAVE_SYS_STAT_H 1
| #define HAVE_STDLIB_H 1
| #define HAVE_STRING_H 1
| #define HAVE_MEMORY_H 1
| #define HAVE_STRINGS_H 1
| #define HAVE_INTTYPES_H 1
| #define HAVE_STDINT_H 1
| #define HAVE_UNISTD_H 1
| #define HAVE_STDLIB_H 1
| #define HAVE_UNISTD_H 1
| #define HAVE_SYS_PARAM_H 1
| #define HAVE_GETPAGESIZE 1
| #define HAVE_MMAP 1
| #define HAVE_GMTIME_R 1
| #define HAVE_FDATASYNC 1
| #define HAVE_LIBZ 1
| #define HAVE_LIBBZ2 1
| #define HAVE_LIBLZMA 1
| #define HAVE_LIBCURL 1
| #define ENABLE_GCS 1
| /* end confdefs.h.  */
| 
| /* Override any GCC internal prototype to avoid an error.
|    Use char because int might match the return type of a GCC
|    builtin and then its argument prototype would still apply.  */
| #ifdef __cplusplus
| extern "C"
| #endif
| char HMAC ();
| int
| main ()
| {
| return HMAC ();
|   ;
|   return 0;
| }
configure:4522: gcc -o conftest -g -O2   conftest.c -lcrypto  -llzma -lbz2 -lz -lm  >&5
configure:4522: $? = 0
configure:4539: result: -lcrypto
configure:4576: checking whether PTHREAD_MUTEX_RECURSIVE is declared
configure:4576: gcc -c -g -O2  conftest.c >&5
configure:4576: $? = 0
configure:4576: result: yes
configure:4716: creating ./config.status

## ---------------------- ##
## Running config.status. ##
## ---------------------- ##

This file was extended by HTSlib config.status 1.5, which was
generated by GNU Autoconf 2.68.  Invocation command line was

  CONFIG_FILES    = 
  CONFIG_HEADERS  = 
  CONFIG_LINKS    = 
  CONFIG_COMMANDS = 
  $ ./config.status 

on ptdtan-Inspiron-15-3567

config.status:839: creating config.mk
config.status:839: creating htslib.pc.tmp
config.status:839: creating config.h

## ---------------- ##
## Cache variables. ##
## ---------------- ##

ac_cv_c_compiler_gnu=yes
ac_cv_env_CC_set=
ac_cv_env_CC_value=
ac_cv_env_CFLAGS_set=
ac_cv_env_CFLAGS_value=
ac_cv_env_CPPFLAGS_set=
ac_cv_env_CPPFLAGS_value=
ac_cv_env_CPP_set=
ac_cv_env_CPP_value=
ac_cv_env_LDFLAGS_set=
ac_cv_env_LDFLAGS_value=
ac_cv_env_LIBS_set=
ac_cv_env_LIBS_value=
ac_cv_env_build_alias_set=
ac_cv_env_build_alias_value=
ac_cv_env_host_alias_set=
ac_cv_env_host_alias_value=
ac_cv_env_target_alias_set=
ac_cv_env_target_alias_value=
ac_cv_func_CCHmac=no
ac_cv_func_fdatasync=yes
ac_cv_func_getpagesize=yes
ac_cv_func_gmtime_r=yes
ac_cv_func_mmap_fixed_mapped=yes
ac_cv_have_decl_PTHREAD_MUTEX_RECURSIVE=yes
ac_cv_have_decl_fdatasync_int_=yes
ac_cv_header_bzlib_h=yes
ac_cv_header_inttypes_h=yes
ac_cv_header_lzma_h=yes
ac_cv_header_memory_h=yes
ac_cv_header_stdc=yes
ac_cv_header_stdint_h=yes
ac_cv_header_stdlib_h=yes
ac_cv_header_string_h=yes
ac_cv_header_strings_h=yes
ac_cv_header_sys_param_h=yes
ac_cv_header_sys_stat_h=yes
ac_cv_header_sys_types_h=yes
ac_cv_header_unistd_h=yes
ac_cv_header_zlib_h=yes
ac_cv_lib_bz2_BZ2_bzBuffToBuffCompress=yes
ac_cv_lib_curl_curl_easy_pause=yes
ac_cv_lib_lzma_lzma_easy_buffer_encode=yes
ac_cv_lib_z_inflate=yes
ac_cv_objext=o
ac_cv_path_EGREP='/bin/grep -E'
ac_cv_path_GREP=/bin/grep
ac_cv_prog_CPP='gcc -E'
ac_cv_prog_ac_ct_CC=gcc
ac_cv_prog_ac_ct_RANLIB=ranlib
ac_cv_prog_cc_c89=
ac_cv_prog_cc_g=yes
ac_cv_search_HMAC=-lcrypto
ac_cv_search_connect='none required'
ac_cv_search_log=-lm
ac_cv_sys_file_offset_bits=no
ac_cv_sys_largefile_CC=no

## ----------------- ##
## Output variables. ##
## ----------------- ##

CC='gcc'
CFLAGS='-g -O2'
CPP='gcc -E'
CPPFLAGS=''
CRYPTO_LIBS='-lcrypto'
DEFS='-DHAVE_CONFIG_H'
ECHO_C=''
ECHO_N='-n'
ECHO_T=''
EGREP='/bin/grep -E'
EXEEXT=''
GREP='/bin/grep'
LDFLAGS=''
LIBOBJS=''
LIBS='-llzma -lbz2 -lz -lm '
LTLIBOBJS=''
OBJEXT='o'
PACKAGE_BUGREPORT='samtools-help@lists.sourceforge.net'
PACKAGE_NAME='HTSlib'
PACKAGE_STRING='HTSlib 1.5'
PACKAGE_TARNAME='htslib'
PACKAGE_URL='http://www.htslib.org/'
PACKAGE_VERSION='1.5'
PATH_SEPARATOR=':'
PLATFORM='default'
PLUGIN_EXT='.so'
RANLIB='ranlib'
SHELL='/bin/bash'
ac_ct_CC='gcc'
bindir='${exec_prefix}/bin'
build_alias=''
datadir='${datarootdir}'
datarootdir='${prefix}/share'
docdir='${datarootdir}/doc/${PACKAGE_TARNAME}'
dvidir='${docdir}'
enable_plugins='no'
exec_prefix='${prefix}'
gcs='enabled'
host_alias='unknown-Linux'
htmldir='${docdir}'
includedir='${prefix}/include'
infodir='${datarootdir}/info'
libcurl='enabled'
libdir='${exec_prefix}/lib'
libexecdir='${exec_prefix}/libexec'
localedir='${datarootdir}/locale'
localstatedir='${prefix}/var'
mandir='${datarootdir}/man'
oldincludedir='/usr/include'
pc_requires=' liblzma'
pdfdir='${docdir}'
plugindir='$(libexecdir)/htslib'
pluginpath='$(libexecdir)/htslib'
prefix='/usr/local'
private_LIBS=' -lbz2'
program_transform_name='s,x,x,'
psdir='${docdir}'
s3='enabled'
sbindir='${exec_prefix}/sbin'
sharedstatedir='${prefix}/com'
static_LDFLAGS=''
static_LIBS='-lz -lm -lbz2 -llzma -lcurl -lcrypto'
sysconfdir='${prefix}/etc'
target_alias=''

## ----------- ##
## confdefs.h. ##
## ----------- ##

/* confdefs.h */
#define PACKAGE_NAME "HTSlib"
#define PACKAGE_TARNAME "htslib"
#define PACKAGE_VERSION "1.5"
#define PACKAGE_STRING "HTSlib 1.5"
#define PACKAGE_BUGREPORT "samtools-help@lists.sourceforge.net"
#define PACKAGE_URL "http://www.htslib.org/"
#define STDC_HEADERS 1
#define HAVE_SYS_TYPES_H 1
#define HAVE_SYS_STAT_H 1
#define HAVE_STDLIB_H 1
#define HAVE_STRING_H 1
#define HAVE_MEMORY_H 1
#define HAVE_STRINGS_H 1
#define HAVE_INTTYPES_H 1
#define HAVE_STDINT_H 1
#define HAVE_UNISTD_H 1
#define HAVE_STDLIB_H 1
#define HAVE_UNISTD_H 1
#define HAVE_SYS_PARAM_H 1
#define HAVE_GETPAGESIZE 1
#define HAVE_MMAP 1
#define HAVE_GMTIME_R 1
#define HAVE_FDATASYNC 1
#define HAVE_LIBZ 1
#define HAVE_LIBBZ2 1
#define HAVE_LIBLZMA 1
#define HAVE_LIBCURL 1
#define ENABLE_GCS 1
#define HAVE_HMAC 1
#define ENABLE_S3 1

configure: exit 0
